# JRE version: OpenJDK Runtime Environment (8.0_121-b13) (build 1.8.0_121-8u121-b13-0ubuntu1.16.10.2-b13)
# Java VM: OpenJDK 64-Bit Server VM (25.121-b13 mixed mode linux-amd64 compressed oops)
Heap:
 PSYoungGen      total 289792K, used 258760K [0x00000000ebf00000, 0x00000000ff700000, 0x0000000100000000)
  eden space 289280K, 89% used [0x00000000ebf00000,0x00000000fbb761b0,0x00000000fd980000)
  from space 512K, 46% used [0x00000000ff680000,0x00000000ff6bc010,0x00000000ff700000)
  to   space 3072K, 0% used [0x00000000ff100000,0x00000000ff100000,0x00000000ff400000)
 ParOldGen       total 42496K, used 2735K [0x00000000c3c00000, 0x00000000c6580000, 0x00000000ebf00000)
  object space 42496K, 6% used [0x00000000c3c00000,0x00000000c3eabfd8,0x00000000c6580000)
 Metaspace       used 15426K, capacity 15648K, committed 16000K, reserved 1062912K
  class space    used 1785K, capacity 1879K, committed 1920K, reserved 1048576K
GC Heap History (10 events):
Event: 655.123 GC heap before
{Heap before GC invocations=14 (full 0):
 PSYoungGen      total 325120K, used 321632K [0x00000000ebf00000, 0x0000000100000000, 0x0000000100000000)
  eden space 321536K, 100% used [0x00000000ebf00000,0x00000000ff900000,0x00000000ff900000)
  from space 3584K, 2% used [0x00000000ff900000,0x00000000ff918000,0x00000000ffc80000)
  to   space 3584K, 0% used [0x00000000ffc80000,0x00000000ffc80000,0x0000000100000000)
 ParOldGen       total 42496K, used 2431K [0x00000000c3c00000, 0x00000000c6580000, 0x00000000ebf00000)
  object space 42496K, 5% used [0x00000000c3c00000,0x00000000c3e5ffd8,0x00000000c6580000)
 Metaspace       used 15303K, capacity 15500K, committed 15744K, reserved 1062912K
  class space    used 1783K, capacity 1875K, committed 1920K, reserved 1048576K
Event: 655.125 GC heap after
Heap after GC invocations=14 (full 0):
 PSYoungGen      total 325120K, used 480K [0x00000000ebf00000, 0x0000000100000000, 0x0000000100000000)
  eden space 321536K, 0% used [0x00000000ebf00000,0x00000000ebf00000,0x00000000ff900000)
  from space 3584K, 13% used [0x00000000ffc80000,0x00000000ffcf8010,0x0000000100000000)
  to   space 3584K, 0% used [0x00000000ff900000,0x00000000ff900000,0x00000000ffc80000)
 ParOldGen       total 42496K, used 2447K [0x00000000c3c00000, 0x00000000c6580000, 0x00000000ebf00000)
  object space 42496K, 5% used [0x00000000c3c00000,0x00000000c3e63fd8,0x00000000c6580000)
 Metaspace       used 15303K, capacity 15500K, committed 15744K, reserved 1062912K
  class space    used 1783K, capacity 1875K, committed 1920K, reserved 1048576K
}
Event: 828.543 GC heap before
{Heap before GC invocations=15 (full 0):
 PSYoungGen      total 325120K, used 322016K [0x00000000ebf00000, 0x0000000100000000, 0x0000000100000000)
  eden space 321536K, 100% used [0x00000000ebf00000,0x00000000ff900000,0x00000000ff900000)
  from space 3584K, 13% used [0x00000000ffc80000,0x00000000ffcf8010,0x0000000100000000)
  to   space 3584K, 0% used [0x00000000ff900000,0x00000000ff900000,0x00000000ffc80000)
 ParOldGen       total 42496K, used 2447K [0x00000000c3c00000, 0x00000000c6580000, 0x00000000ebf00000)
  object space 42496K, 5% used [0x00000000c3c00000,0x00000000c3e63fd8,0x00000000c6580000)
 Metaspace       used 15346K, capacity 15570K, committed 15744K, reserved 1062912K
  class space    used 1784K, capacity 1877K, committed 1920K, reserved 1048576K
Event: 828.549 GC heap after
Heap after GC invocations=15 (full 0):
 PSYoungGen      total 307200K, used 248K [0x00000000ebf00000, 0x00000000ffd00000, 0x0000000100000000)
  eden space 306688K, 0% used [0x00000000ebf00000,0x00000000ebf00000,0x00000000fea80000)
  from space 512K, 48% used [0x00000000ff900000,0x00000000ff93e020,0x00000000ff980000)
  to   space 3584K, 0% used [0x00000000ff980000,0x00000000ff980000,0x00000000ffd00000)
 ParOldGen       total 42496K, used 2527K [0x00000000c3c00000, 0x00000000c6580000, 0x00000000ebf00000)
  object space 42496K, 5% used [0x00000000c3c00000,0x00000000c3e77fd8,0x00000000c6580000)
 Metaspace       used 15346K, capacity 15570K, committed 15744K, reserved 1062912K
  class space    used 1784K, capacity 1877K, committed 1920K, reserved 1048576K
}
Event: 828.783 GC heap before
{Heap before GC invocations=16 (full 0):
 PSYoungGen      total 307200K, used 306936K [0x00000000ebf00000, 0x00000000ffd00000, 0x0000000100000000)
  eden space 306688K, 100% used [0x00000000ebf00000,0x00000000fea80000,0x00000000fea80000)
  from space 512K, 48% used [0x00000000ff900000,0x00000000ff93e020,0x00000000ff980000)
  to   space 3584K, 0% used [0x00000000ff980000,0x00000000ff980000,0x00000000ffd00000)
 ParOldGen       total 42496K, used 2527K [0x00000000c3c00000, 0x00000000c6580000, 0x00000000ebf00000)
  object space 42496K, 5% used [0x00000000c3c00000,0x00000000c3e77fd8,0x00000000c6580000)
 Metaspace       used 15356K, capacity 15570K, committed 15744K, reserved 1062912K
  class space    used 1784K, capacity 1877K, committed 1920K, reserved 1048576K
Event: 828.789 GC heap after
Heap after GC invocations=16 (full 0):
 PSYoungGen      total 322048K, used 416K [0x00000000ebf00000, 0x0000000100000000, 0x0000000100000000)
  eden space 318464K, 0% used [0x00000000ebf00000,0x00000000ebf00000,0x00000000ff600000)
  from space 3584K, 11% used [0x00000000ff980000,0x00000000ff9e8010,0x00000000ffd00000)
  to   space 3584K, 0% used [0x00000000ff600000,0x00000000ff600000,0x00000000ff980000)
 ParOldGen       total 42496K, used 2623K [0x00000000c3c00000, 0x00000000c6580000, 0x00000000ebf00000)
  object space 42496K, 6% used [0x00000000c3c00000,0x00000000c3e8ffd8,0x00000000c6580000)
 Metaspace       used 15356K, capacity 15570K, committed 15744K, reserved 1062912K
  class space    used 1784K, capacity 1877K, committed 1920K, reserved 1048576K
}
Event: 901.003 GC heap before
{Heap before GC invocations=17 (full 0):
 PSYoungGen      total 322048K, used 318880K [0x00000000ebf00000, 0x0000000100000000, 0x0000000100000000)
  eden space 318464K, 100% used [0x00000000ebf00000,0x00000000ff600000,0x00000000ff600000)
  from space 3584K, 11% used [0x00000000ff980000,0x00000000ff9e8010,0x00000000ffd00000)
  to   space 3584K, 0% used [0x00000000ff600000,0x00000000ff600000,0x00000000ff980000)
 ParOldGen       total 42496K, used 2623K [0x00000000c3c00000, 0x00000000c6580000, 0x00000000ebf00000)
  object space 42496K, 6% used [0x00000000c3c00000,0x00000000c3e8ffd8,0x00000000c6580000)
 Metaspace       used 15425K, capacity 15644K, committed 16000K, reserved 1062912K
  class space    used 1785K, capacity 1879K, committed 1920K, reserved 1048576K
Event: 901.005 GC heap after
Heap after GC invocations=17 (full 0):
 PSYoungGen      total 304128K, used 248K [0x00000000ebf00000, 0x00000000ffa00000, 0x0000000100000000)
  eden space 303616K, 0% used [0x00000000ebf00000,0x00000000ebf00000,0x00000000fe780000)
  from space 512K, 48% used [0x00000000ff600000,0x00000000ff63e020,0x00000000ff680000)
  to   space 3584K, 0% used [0x00000000ff680000,0x00000000ff680000,0x00000000ffa00000)
 ParOldGen       total 42496K, used 2647K [0x00000000c3c00000, 0x00000000c6580000, 0x00000000ebf00000)
  object space 42496K, 6% used [0x00000000c3c00000,0x00000000c3e95fd8,0x00000000c6580000)
 Metaspace       used 15425K, capacity 15644K, committed 16000K, reserved 1062912K
  class space    used 1785K, capacity 1879K, committed 1920K, reserved 1048576K
}
Event: 901.197 GC heap before
{Heap before GC invocations=18 (full 0):
 PSYoungGen      total 304128K, used 303864K [0x00000000ebf00000, 0x00000000ffa00000, 0x0000000100000000)
  eden space 303616K, 100% used [0x00000000ebf00000,0x00000000fe780000,0x00000000fe780000)
  from space 512K, 48% used [0x00000000ff600000,0x00000000ff63e020,0x00000000ff680000)
  to   space 3584K, 0% used [0x00000000ff680000,0x00000000ff680000,0x00000000ffa00000)
 ParOldGen       total 42496K, used 2647K [0x00000000c3c00000, 0x00000000c6580000, 0x00000000ebf00000)
  object space 42496K, 6% used [0x00000000c3c00000,0x00000000c3e95fd8,0x00000000c6580000)
 Metaspace       used 15426K, capacity 15648K, committed 16000K, reserved 1062912K
  class space    used 1785K, capacity 1879K, committed 1920K, reserved 1048576K
Event: 901.198 GC heap after
Heap after GC invocations=18 (full 0):
 PSYoungGen      total 289792K, used 240K [0x00000000ebf00000, 0x00000000ff700000, 0x0000000100000000)
  eden space 289280K, 0% used [0x00000000ebf00000,0x00000000ebf00000,0x00000000fd980000)
  from space 512K, 46% used [0x00000000ff680000,0x00000000ff6bc010,0x00000000ff700000)
  to   space 3072K, 0% used [0x00000000ff100000,0x00000000ff100000,0x00000000ff400000)
 ParOldGen       total 42496K, used 2735K [0x00000000c3c00000, 0x00000000c6580000, 0x00000000ebf00000)
  object space 42496K, 6% used [0x00000000c3c00000,0x00000000c3eabfd8,0x00000000c6580000)
 Metaspace       used 15426K, capacity 15648K, committed 16000K, reserved 1062912K
  class space    used 1785K, capacity 1879K, committed 1920K, reserved 1048576K
}

