# JRE version: OpenJDK Runtime Environment (8.0_121-b13) (build 1.8.0_121-8u121-b13-0ubuntu1.16.10.2-b13)
# Java VM: OpenJDK 64-Bit Server VM (25.121-b13 mixed mode linux-amd64 compressed oops)
Heap:
 PSYoungGen      total 71168K, used 70847K [0x00000000ebf00000, 0x00000000f2c80000, 0x0000000100000000)
  eden space 70656K, 99% used [0x00000000ebf00000,0x00000000f03f7ff0,0x00000000f0400000)
  from space 512K, 43% used [0x00000000f2c00000,0x00000000f2c38000,0x00000000f2c80000)
  to   space 2048K, 0% used [0x00000000f2880000,0x00000000f2880000,0x00000000f2a80000)
 ParOldGen       total 42496K, used 4532K [0x00000000c3c00000, 0x00000000c6580000, 0x00000000ebf00000)
  object space 42496K, 10% used [0x00000000c3c00000,0x00000000c406d1a8,0x00000000c6580000)
 Metaspace       used 18504K, capacity 19048K, committed 19328K, reserved 1067008K
  class space    used 2003K, capacity 2137K, committed 2176K, reserved 1048576K
GC Heap History (10 events):
Event: 10573.908 GC heap before
{Heap before GC invocations=24 (full 0):
 PSYoungGen      total 89088K, used 86496K [0x00000000ebf00000, 0x00000000f3280000, 0x0000000100000000)
  eden space 86016K, 100% used [0x00000000ebf00000,0x00000000f1300000,0x00000000f1300000)
  from space 3072K, 15% used [0x00000000f2c80000,0x00000000f2cf8000,0x00000000f2f80000)
  to   space 2560K, 0% used [0x00000000f3000000,0x00000000f3000000,0x00000000f3280000)
 ParOldGen       total 42496K, used 3707K [0x00000000c3c00000, 0x00000000c6580000, 0x00000000ebf00000)
  object space 42496K, 8% used [0x00000000c3c00000,0x00000000c3f9ee38,0x00000000c6580000)
 Metaspace       used 17325K, capacity 17746K, committed 17920K, reserved 1064960K
  class space    used 1903K, capacity 2019K, committed 2048K, reserved 1048576K
Event: 10573.910 GC heap after
Heap after GC invocations=24 (full 0):
 PSYoungGen      total 82944K, used 448K [0x00000000ebf00000, 0x00000000f3080000, 0x0000000100000000)
  eden space 82432K, 0% used [0x00000000ebf00000,0x00000000ebf00000,0x00000000f0f80000)
  from space 512K, 87% used [0x00000000f3000000,0x00000000f3070000,0x00000000f3080000)
  to   space 2560K, 0% used [0x00000000f2b80000,0x00000000f2b80000,0x00000000f2e00000)
 ParOldGen       total 42496K, used 3795K [0x00000000c3c00000, 0x00000000c6580000, 0x00000000ebf00000)
  object space 42496K, 8% used [0x00000000c3c00000,0x00000000c3fb4e38,0x00000000c6580000)
 Metaspace       used 17325K, capacity 17746K, committed 17920K, reserved 1064960K
  class space    used 1903K, capacity 2019K, committed 2048K, reserved 1048576K
}
Event: 10693.810 GC heap before
{Heap before GC invocations=25 (full 0):
 PSYoungGen      total 82944K, used 82880K [0x00000000ebf00000, 0x00000000f3080000, 0x0000000100000000)
  eden space 82432K, 100% used [0x00000000ebf00000,0x00000000f0f80000,0x00000000f0f80000)
  from space 512K, 87% used [0x00000000f3000000,0x00000000f3070000,0x00000000f3080000)
  to   space 2560K, 0% used [0x00000000f2b80000,0x00000000f2b80000,0x00000000f2e00000)
 ParOldGen       total 42496K, used 3795K [0x00000000c3c00000, 0x00000000c6580000, 0x00000000ebf00000)
  object space 42496K, 8% used [0x00000000c3c00000,0x00000000c3fb4e38,0x00000000c6580000)
 Metaspace       used 17363K, capacity 17816K, committed 17920K, reserved 1064960K
  class space    used 1905K, capacity 2021K, committed 2048K, reserved 1048576K
Event: 10693.813 GC heap after
Heap after GC invocations=25 (full 0):
 PSYoungGen      total 81920K, used 320K [0x00000000ebf00000, 0x00000000f3080000, 0x0000000100000000)
  eden space 79360K, 0% used [0x00000000ebf00000,0x00000000ebf00000,0x00000000f0c80000)
  from space 2560K, 12% used [0x00000000f2b80000,0x00000000f2bd0000,0x00000000f2e00000)
  to   space 2560K, 0% used [0x00000000f2e00000,0x00000000f2e00000,0x00000000f3080000)
 ParOldGen       total 42496K, used 3947K [0x00000000c3c00000, 0x00000000c6580000, 0x00000000ebf00000)
  object space 42496K, 9% used [0x00000000c3c00000,0x00000000c3fdae38,0x00000000c6580000)
 Metaspace       used 17363K, capacity 17816K, committed 17920K, reserved 1064960K
  class space    used 1905K, capacity 2021K, committed 2048K, reserved 1048576K
}
Event: 10951.768 GC heap before
{Heap before GC invocations=26 (full 0):
 PSYoungGen      total 81920K, used 79680K [0x00000000ebf00000, 0x00000000f3080000, 0x0000000100000000)
  eden space 79360K, 100% used [0x00000000ebf00000,0x00000000f0c80000,0x00000000f0c80000)
  from space 2560K, 12% used [0x00000000f2b80000,0x00000000f2bd0000,0x00000000f2e00000)
  to   space 2560K, 0% used [0x00000000f2e00000,0x00000000f2e00000,0x00000000f3080000)
 ParOldGen       total 42496K, used 3947K [0x00000000c3c00000, 0x00000000c6580000, 0x00000000ebf00000)
  object space 42496K, 9% used [0x00000000c3c00000,0x00000000c3fdae38,0x00000000c6580000)
 Metaspace       used 18315K, capacity 18810K, committed 19072K, reserved 1067008K
  class space    used 1996K, capacity 2099K, committed 2176K, reserved 1048576K
Event: 10951.772 GC heap after
Heap after GC invocations=26 (full 0):
 PSYoungGen      total 77312K, used 640K [0x00000000ebf00000, 0x00000000f2f00000, 0x0000000100000000)
  eden space 76288K, 0% used [0x00000000ebf00000,0x00000000ebf00000,0x00000000f0980000)
  from space 1024K, 62% used [0x00000000f2e00000,0x00000000f2ea0000,0x00000000f2f00000)
  to   space 2560K, 0% used [0x00000000f2a00000,0x00000000f2a00000,0x00000000f2c80000)
 ParOldGen       total 42496K, used 4027K [0x00000000c3c00000, 0x00000000c6580000, 0x00000000ebf00000)
  object space 42496K, 9% used [0x00000000c3c00000,0x00000000c3feee38,0x00000000c6580000)
 Metaspace       used 18315K, capacity 18810K, committed 19072K, reserved 1067008K
  class space    used 1996K, capacity 2099K, committed 2176K, reserved 1048576K
}
Event: 11140.366 GC heap before
{Heap before GC invocations=27 (full 0):
 PSYoungGen      total 77312K, used 76928K [0x00000000ebf00000, 0x00000000f2f00000, 0x0000000100000000)
  eden space 76288K, 100% used [0x00000000ebf00000,0x00000000f0980000,0x00000000f0980000)
  from space 1024K, 62% used [0x00000000f2e00000,0x00000000f2ea0000,0x00000000f2f00000)
  to   space 2560K, 0% used [0x00000000f2a00000,0x00000000f2a00000,0x00000000f2c80000)
 ParOldGen       total 42496K, used 4027K [0x00000000c3c00000, 0x00000000c6580000, 0x00000000ebf00000)
  object space 42496K, 9% used [0x00000000c3c00000,0x00000000c3feee38,0x00000000c6580000)
 Metaspace       used 18398K, capacity 18880K, committed 19072K, reserved 1067008K
  class space    used 1998K, capacity 2101K, committed 2176K, reserved 1048576K
Event: 11140.375 GC heap after
Heap after GC invocations=27 (full 0):
 PSYoungGen      total 73728K, used 192K [0x00000000ebf00000, 0x00000000f2e80000, 0x0000000100000000)
  eden space 73216K, 0% used [0x00000000ebf00000,0x00000000ebf00000,0x00000000f0680000)
  from space 512K, 37% used [0x00000000f2a00000,0x00000000f2a30000,0x00000000f2a80000)
  to   space 2560K, 0% used [0x00000000f2c00000,0x00000000f2c00000,0x00000000f2e80000)
 ParOldGen       total 42496K, used 4492K [0x00000000c3c00000, 0x00000000c6580000, 0x00000000ebf00000)
  object space 42496K, 10% used [0x00000000c3c00000,0x00000000c40631a8,0x00000000c6580000)
 Metaspace       used 18398K, capacity 18880K, committed 19072K, reserved 1067008K
  class space    used 1998K, capacity 2101K, committed 2176K, reserved 1048576K
}
Event: 11250.200 GC heap before
{Heap before GC invocations=28 (full 0):
 PSYoungGen      total 73728K, used 73408K [0x00000000ebf00000, 0x00000000f2e80000, 0x0000000100000000)
  eden space 73216K, 100% used [0x00000000ebf00000,0x00000000f0680000,0x00000000f0680000)
  from space 512K, 37% used [0x00000000f2a00000,0x00000000f2a30000,0x00000000f2a80000)
  to   space 2560K, 0% used [0x00000000f2c00000,0x00000000f2c00000,0x00000000f2e80000)
 ParOldGen       total 42496K, used 4492K [0x00000000c3c00000, 0x00000000c6580000, 0x00000000ebf00000)
  object space 42496K, 10% used [0x00000000c3c00000,0x00000000c40631a8,0x00000000c6580000)
 Metaspace       used 18465K, capacity 19016K, committed 19328K, reserved 1067008K
  class space    used 2001K, capacity 2105K, committed 2176K, reserved 1048576K
Event: 11250.202 GC heap after
Heap after GC invocations=28 (full 0):
 PSYoungGen      total 71168K, used 224K [0x00000000ebf00000, 0x00000000f2c80000, 0x0000000100000000)
  eden space 70656K, 0% used [0x00000000ebf00000,0x00000000ebf00000,0x00000000f0400000)
  from space 512K, 43% used [0x00000000f2c00000,0x00000000f2c38000,0x00000000f2c80000)
  to   space 2048K, 0% used [0x00000000f2880000,0x00000000f2880000,0x00000000f2a80000)
 ParOldGen       total 42496K, used 4532K [0x00000000c3c00000, 0x00000000c6580000, 0x00000000ebf00000)
  object space 42496K, 10% used [0x00000000c3c00000,0x00000000c406d1a8,0x00000000c6580000)
 Metaspace       used 18465K, capacity 19016K, committed 19328K, reserved 1067008K
  class space    used 2001K, capacity 2105K, committed 2176K, reserved 1048576K
}

